GROUP,PACKAGE,CLASS,INSTRUCTION_MISSED,INSTRUCTION_COVERED,BRANCH_MISSED,BRANCH_COVERED,LINE_MISSED,LINE_COVERED,COMPLEXITY_MISSED,COMPLEXITY_COVERED,METHOD_MISSED,METHOD_COVERED
CS410J Phone Bill Project,edu.pdx.cs410J.seung2,PhoneBill,5,44,1,3,2,11,1,6,0,5
CS410J Phone Bill Project,edu.pdx.cs410J.seung2,Project2,151,622,23,57,63,130,24,31,1,14
CS410J Phone Bill Project,edu.pdx.cs410J.seung2,TextParser,19,152,2,4,7,41,2,5,0,4
CS410J Phone Bill Project,edu.pdx.cs410J.seung2,TextDumper,0,65,0,2,0,18,0,4,0,3
CS410J Phone Bill Project,edu.pdx.cs410J.seung2,PhoneCall,0,88,0,0,0,14,0,6,0,6
