<?xml version="1.0" encoding="UTF-8"?>
<testsuite xmlns:xsi="http://www.w3.org/2001/XMLSchema-instance" xsi:noNamespaceSchemaLocation="https://maven.apache.org/surefire/maven-failsafe-plugin/xsd/failsafe-test-report.xsd" name="edu.pdx.cs410J.seung2.Project1IT" time="0.4" tests="7" errors="0" skipped="0" failures="0">
  <properties>
[...]
</properties>
  <testcase name="dashReadmeOptionPrintsOnlyReadme" classname="edu.pdx.cs410J.seung2.Project1IT" time="0.113"/>
  <testcase name="validCommandLineWithNoDashPrintOptionPrintsNothingToStandardOut" classname="edu.pdx.cs410J.seung2.Project1IT" time="0.13"/>
  <testcase name="dashPrintOptionsPrintsNewlyCreatedPhoneCall" classname="edu.pdx.cs410J.seung2.Project1IT" time="0.002"/>
  <testcase name="testNoCommandLineArguments" classname="edu.pdx.cs410J.seung2.Project1IT" time="0.007"/>
  <testcase name="incorrectDateForm" classname="edu.pdx.cs410J.seung2.Project1IT" time="0.017"/>
  <testcase name="incorrectTimeForm" classname="edu.pdx.cs410J.seung2.Project1IT" time="0.006"/>
  <testcase name="incorrectNumberForm" classname="edu.pdx.cs410J.seung2.Project1IT" time="0.003"/>
</testsuite>